2023-01-23 16:51:07,213 WARN [LOAD-ROLES] load failed

org.springframework.dao.RecoverableDataAccessException: PreparedStatementCallback; SQL [SELECT count(*) FROM roles WHERE  1=1 ]; Communications link failure

The last packet successfully received from the server was 3,383 milliseconds ago. The last packet sent successfully to the server was 3,400 milliseconds ago.; nested exception is com.mysql.cj.jdbc.exceptions.CommunicationsException: Communications link failure

The last packet successfully received from the server was 3,383 milliseconds ago. The last packet sent successfully to the server was 3,400 milliseconds ago.
	at org.springframework.jdbc.support.SQLExceptionSubclassTranslator.doTranslate(SQLExceptionSubclassTranslator.java:100)
	at org.springframework.jdbc.support.AbstractFallbackSQLExceptionTranslator.translate(AbstractFallbackSQLExceptionTranslator.java:72)
	at org.springframework.jdbc.support.AbstractFallbackSQLExceptionTranslator.translate(AbstractFallbackSQLExceptionTranslator.java:81)
	at org.springframework.jdbc.core.JdbcTemplate.translateException(JdbcTemplate.java:1443)
	at org.springframework.jdbc.core.JdbcTemplate.execute(JdbcTemplate.java:633)
	at org.springframework.jdbc.core.JdbcTemplate.query(JdbcTemplate.java:669)
	at org.springframework.jdbc.core.JdbcTemplate.query(JdbcTemplate.java:700)
	at org.springframework.jdbc.core.JdbcTemplate.query(JdbcTemplate.java:712)
	at org.springframework.jdbc.core.JdbcTemplate.queryForObject(JdbcTemplate.java:783)
	at org.springframework.jdbc.core.JdbcTemplate.queryForObject(JdbcTemplate.java:804)
	at com.alibaba.nacos.config.server.service.repository.extrnal.ExternalStoragePaginationHelperImpl.fetchPage(ExternalStoragePaginationHelperImpl.java:68)
	at com.alibaba.nacos.config.server.service.repository.extrnal.ExternalStoragePaginationHelperImpl.fetchPage(ExternalStoragePaginationHelperImpl.java:57)
	at com.alibaba.nacos.plugin.auth.impl.persistence.ExternalRolePersistServiceImpl.getRolesByUserName(ExternalRolePersistServiceImpl.java:105)
	at com.alibaba.nacos.plugin.auth.impl.roles.NacosRoleServiceImpl.reload(NacosRoleServiceImpl.java:80)
	at jdk.internal.reflect.GeneratedMethodAccessor158.invoke(Unknown Source)
	at java.base/jdk.internal.reflect.DelegatingMethodAccessorImpl.invoke(DelegatingMethodAccessorImpl.java:43)
	at java.base/java.lang.reflect.Method.invoke(Method.java:568)
	at org.springframework.scheduling.support.ScheduledMethodRunnable.run(ScheduledMethodRunnable.java:84)
	at org.springframework.scheduling.support.DelegatingErrorHandlingRunnable.run(DelegatingErrorHandlingRunnable.java:54)
	at java.base/java.util.concurrent.Executors$RunnableAdapter.call(Executors.java:539)
	at java.base/java.util.concurrent.FutureTask.runAndReset(FutureTask.java:305)
	at java.base/java.util.concurrent.ScheduledThreadPoolExecutor$ScheduledFutureTask.run(ScheduledThreadPoolExecutor.java:305)
	at java.base/java.util.concurrent.ThreadPoolExecutor.runWorker(ThreadPoolExecutor.java:1136)
	at java.base/java.util.concurrent.ThreadPoolExecutor$Worker.run(ThreadPoolExecutor.java:635)
	at java.base/java.lang.Thread.run(Thread.java:833)
Caused by: com.mysql.cj.jdbc.exceptions.CommunicationsException: Communications link failure

The last packet successfully received from the server was 3,383 milliseconds ago. The last packet sent successfully to the server was 3,400 milliseconds ago.
	at com.mysql.cj.jdbc.exceptions.SQLError.createCommunicationsException(SQLError.java:174)
	at com.mysql.cj.jdbc.exceptions.SQLExceptionsMapping.translateException(SQLExceptionsMapping.java:64)
	at com.mysql.cj.jdbc.ConnectionImpl.setSessionMaxRows(ConnectionImpl.java:2430)
	at com.mysql.cj.jdbc.ClientPreparedStatement.executeQuery(ClientPreparedStatement.java:1001)
	at com.zaxxer.hikari.pool.ProxyPreparedStatement.executeQuery(ProxyPreparedStatement.java:52)
	at com.zaxxer.hikari.pool.HikariProxyPreparedStatement.executeQuery(HikariProxyPreparedStatement.java)
	at org.springframework.jdbc.core.JdbcTemplate$1.doInPreparedStatement(JdbcTemplate.java:678)
	at org.springframework.jdbc.core.JdbcTemplate.execute(JdbcTemplate.java:617)
	... 20 common frames omitted
Caused by: com.mysql.cj.exceptions.CJCommunicationsException: Communications link failure

The last packet successfully received from the server was 3,383 milliseconds ago. The last packet sent successfully to the server was 3,400 milliseconds ago.
	at java.base/jdk.internal.reflect.NativeConstructorAccessorImpl.newInstance0(Native Method)
	at java.base/jdk.internal.reflect.NativeConstructorAccessorImpl.newInstance(NativeConstructorAccessorImpl.java:77)
	at java.base/jdk.internal.reflect.DelegatingConstructorAccessorImpl.newInstance(DelegatingConstructorAccessorImpl.java:45)
	at java.base/java.lang.reflect.Constructor.newInstanceWithCaller(Constructor.java:499)
	at java.base/java.lang.reflect.Constructor.newInstance(Constructor.java:480)
	at com.mysql.cj.exceptions.ExceptionFactory.createException(ExceptionFactory.java:61)
	at com.mysql.cj.exceptions.ExceptionFactory.createException(ExceptionFactory.java:105)
	at com.mysql.cj.exceptions.ExceptionFactory.createException(ExceptionFactory.java:151)
	at com.mysql.cj.exceptions.ExceptionFactory.createCommunicationsException(ExceptionFactory.java:167)
	at com.mysql.cj.protocol.a.NativeProtocol.readMessage(NativeProtocol.java:538)
	at com.mysql.cj.protocol.a.NativeProtocol.checkErrorMessage(NativeProtocol.java:702)
	at com.mysql.cj.protocol.a.NativeProtocol.sendCommand(NativeProtocol.java:641)
	at com.mysql.cj.protocol.a.NativeProtocol.sendQueryPacket(NativeProtocol.java:940)
	at com.mysql.cj.protocol.a.NativeProtocol.sendQueryString(NativeProtocol.java:886)
	at com.mysql.cj.NativeSession.execSQL(NativeSession.java:1073)
	at com.mysql.cj.jdbc.ConnectionImpl.setSessionMaxRows(ConnectionImpl.java:2426)
	... 25 common frames omitted
Caused by: java.net.SocketTimeoutException: Read timed out
	at java.base/sun.nio.ch.NioSocketImpl.timedRead(NioSocketImpl.java:283)
	at java.base/sun.nio.ch.NioSocketImpl.implRead(NioSocketImpl.java:309)
	at java.base/sun.nio.ch.NioSocketImpl.read(NioSocketImpl.java:350)
	at java.base/sun.nio.ch.NioSocketImpl$1.read(NioSocketImpl.java:803)
	at java.base/java.net.Socket$SocketInputStream.read(Socket.java:966)
	at com.mysql.cj.protocol.ReadAheadInputStream.fill(ReadAheadInputStream.java:107)
	at com.mysql.cj.protocol.ReadAheadInputStream.readFromUnderlyingStreamIfNecessary(ReadAheadInputStream.java:150)
	at com.mysql.cj.protocol.ReadAheadInputStream.read(ReadAheadInputStream.java:180)
	at java.base/java.io.FilterInputStream.read(FilterInputStream.java:132)
	at com.mysql.cj.protocol.FullReadInputStream.readFully(FullReadInputStream.java:64)
	at com.mysql.cj.protocol.a.SimplePacketReader.readHeader(SimplePacketReader.java:63)
	at com.mysql.cj.protocol.a.SimplePacketReader.readHeader(SimplePacketReader.java:45)
	at com.mysql.cj.protocol.a.TimeTrackingPacketReader.readHeader(TimeTrackingPacketReader.java:52)
	at com.mysql.cj.protocol.a.TimeTrackingPacketReader.readHeader(TimeTrackingPacketReader.java:41)
	at com.mysql.cj.protocol.a.MultiPacketReader.readHeader(MultiPacketReader.java:54)
	at com.mysql.cj.protocol.a.MultiPacketReader.readHeader(MultiPacketReader.java:44)
	at com.mysql.cj.protocol.a.NativeProtocol.readMessage(NativeProtocol.java:532)
	... 31 common frames omitted
